0 info it worked if it ends with ok
1 verbose cli [ '/usr/local/Cellar/node/5.9.0/bin/node',
1 verbose cli   '/usr/local/bin/npm',
1 verbose cli   'install',
1 verbose cli   '-g',
1 verbose cli   'ios-deploy' ]
2 info using npm@3.8.9
3 info using node@v5.9.0
4 silly loadCurrentTree Starting
5 silly install loadCurrentTree
6 silly install readGlobalPackageData
7 silly fetchPackageMetaData ios-deploy
8 silly fetchNamedPackageData ios-deploy
9 silly mapToRegistry name ios-deploy
10 silly mapToRegistry using default registry
11 silly mapToRegistry registry https://registry.npmjs.org/
12 silly mapToRegistry data Result {
12 silly mapToRegistry   raw: 'ios-deploy',
12 silly mapToRegistry   scope: null,
12 silly mapToRegistry   name: 'ios-deploy',
12 silly mapToRegistry   rawSpec: '',
12 silly mapToRegistry   spec: 'latest',
12 silly mapToRegistry   type: 'tag' }
13 silly mapToRegistry uri https://registry.npmjs.org/ios-deploy
14 verbose request uri https://registry.npmjs.org/ios-deploy
15 verbose request no auth needed
16 info attempt registry request try #1 at 4:23:11 PM
17 verbose request id aaec60b006ab9787
18 verbose etag "5ALDUQ1GLDBEYMDJK8RUMV18V"
19 http request GET https://registry.npmjs.org/ios-deploy
20 http 304 https://registry.npmjs.org/ios-deploy
21 verbose headers { date: 'Tue, 14 Jun 2016 23:23:11 GMT',
21 verbose headers   via: '1.1 varnish',
21 verbose headers   'cache-control': 'max-age=300',
21 verbose headers   etag: '"5ALDUQ1GLDBEYMDJK8RUMV18V"',
21 verbose headers   age: '117',
21 verbose headers   connection: 'keep-alive',
21 verbose headers   'x-served-by': 'cache-lax1420-LAX',
21 verbose headers   'x-cache': 'HIT',
21 verbose headers   'x-cache-hits': '2',
21 verbose headers   'x-timer': 'S1465946591.232757,VS0,VE0',
21 verbose headers   vary: 'Accept-Encoding' }
22 silly get cb [ 304,
22 silly get   { date: 'Tue, 14 Jun 2016 23:23:11 GMT',
22 silly get     via: '1.1 varnish',
22 silly get     'cache-control': 'max-age=300',
22 silly get     etag: '"5ALDUQ1GLDBEYMDJK8RUMV18V"',
22 silly get     age: '117',
22 silly get     connection: 'keep-alive',
22 silly get     'x-served-by': 'cache-lax1420-LAX',
22 silly get     'x-cache': 'HIT',
22 silly get     'x-cache-hits': '2',
22 silly get     'x-timer': 'S1465946591.232757,VS0,VE0',
22 silly get     vary: 'Accept-Encoding' } ]
23 verbose etag https://registry.npmjs.org/ios-deploy from cache
24 verbose get saving ios-deploy to /Users/mdblr/.npm/registry.npmjs.org/ios-deploy/.cache.json
25 verbose correctMkdir /Users/mdblr/.npm correctMkdir not in flight; initializing
26 silly install normalizeTree
27 silly loadCurrentTree Finishing
28 silly loadIdealTree Starting
29 silly install loadIdealTree
30 silly cloneCurrentTree Starting
31 silly install cloneCurrentTreeToIdealTree
32 silly cloneCurrentTree Finishing
33 silly loadShrinkwrap Starting
34 silly install loadShrinkwrap
35 silly loadShrinkwrap Finishing
36 silly loadAllDepsIntoIdealTree Starting
37 silly install loadAllDepsIntoIdealTree
38 silly resolveWithNewModule ios-deploy@1.8.6 checking installable status
39 silly cache add args [ 'ios-deploy', null ]
40 verbose cache add spec ios-deploy
41 silly cache add parsed spec Result {
41 silly cache add   raw: 'ios-deploy',
41 silly cache add   scope: null,
41 silly cache add   name: 'ios-deploy',
41 silly cache add   rawSpec: '',
41 silly cache add   spec: 'latest',
41 silly cache add   type: 'tag' }
42 silly addNamed ios-deploy@latest
43 verbose addNamed "latest" is being treated as a dist-tag for ios-deploy
44 info addNameTag [ 'ios-deploy', 'latest' ]
45 silly mapToRegistry name ios-deploy
46 silly mapToRegistry using default registry
47 silly mapToRegistry registry https://registry.npmjs.org/
48 silly mapToRegistry data Result {
48 silly mapToRegistry   raw: 'ios-deploy',
48 silly mapToRegistry   scope: null,
48 silly mapToRegistry   name: 'ios-deploy',
48 silly mapToRegistry   rawSpec: '',
48 silly mapToRegistry   spec: 'latest',
48 silly mapToRegistry   type: 'tag' }
49 silly mapToRegistry uri https://registry.npmjs.org/ios-deploy
50 verbose addNameTag registry:https://registry.npmjs.org/ios-deploy not in flight; fetching
51 verbose get https://registry.npmjs.org/ios-deploy not expired, no request
52 silly addNameTag next cb for ios-deploy with tag latest
53 silly addNamed ios-deploy@1.8.6
54 verbose addNamed "1.8.6" is a plain semver version for ios-deploy
55 silly cache afterAdd ios-deploy@1.8.6
56 verbose afterAdd /Users/mdblr/.npm/ios-deploy/1.8.6/package/package.json not in flight; writing
57 verbose correctMkdir /Users/mdblr/.npm correctMkdir not in flight; initializing
58 verbose afterAdd /Users/mdblr/.npm/ios-deploy/1.8.6/package/package.json written
59 silly loadAllDepsIntoIdealTree Finishing
60 silly idealTree:prePrune lib
60 silly idealTree:prePrune └── ios-deploy@1.8.6
61 silly loadIdealTree Finishing
62 silly currentTree lib
63 silly idealTree lib
63 silly idealTree └── ios-deploy@1.8.6
64 silly generateActionsToTake Starting
65 silly install generateActionsToTake
66 silly generateActionsToTake Finishing
67 silly diffTrees action count 1
68 silly diffTrees add ios-deploy@1.8.6
69 silly decomposeActions action count 8
70 silly decomposeActions fetch ios-deploy@1.8.6
71 silly decomposeActions extract ios-deploy@1.8.6
72 silly decomposeActions test ios-deploy@1.8.6
73 silly decomposeActions preinstall ios-deploy@1.8.6
74 silly decomposeActions build ios-deploy@1.8.6
75 silly decomposeActions install ios-deploy@1.8.6
76 silly decomposeActions postinstall ios-deploy@1.8.6
77 silly decomposeActions finalize ios-deploy@1.8.6
78 silly executeActions Starting
79 silly install executeActions
80 silly doSerial global-install 0
81 silly doParallel fetch 1
82 verbose correctMkdir /Users/mdblr/.npm/_locks correctMkdir not in flight; initializing
83 verbose lock using /Users/mdblr/.npm/_locks/staging-3a08f0df5026584d.lock for /usr/local/lib/node_modules/.staging
84 silly doParallel extract 1
85 silly extract ios-deploy@1.8.6
86 verbose unbuild lib/node_modules/.staging/ios-deploy-298c9491
87 silly gentlyRm /usr/local/lib/node_modules/.staging/ios-deploy-298c9491 is being purged from base /usr/local
88 verbose gentlyRm don't care about contents; nuking /usr/local/lib/node_modules/.staging/ios-deploy-298c9491
89 verbose tar unpack /Users/mdblr/.npm/ios-deploy/1.8.6/package.tgz
90 verbose tar unpacking to /usr/local/lib/node_modules/.staging/ios-deploy-298c9491
91 silly gentlyRm /usr/local/lib/node_modules/.staging/ios-deploy-298c9491 is being purged
92 verbose gentlyRm don't care about contents; nuking /usr/local/lib/node_modules/.staging/ios-deploy-298c9491
93 silly gunzTarPerm modes [ '755', '644' ]
94 silly gunzTarPerm extractEntry package.json
95 silly gunzTarPerm extractEntry .npmignore
96 silly gunzTarPerm extractEntry README.md
97 silly gunzTarPerm extractEntry LICENSE
98 silly gunzTarPerm extractEntry CONTRIBUTING.md
99 silly gunzTarPerm extractEntry demo/.npmignore
100 silly gunzTarPerm extractEntry demo/Entitlements.plist
101 silly gunzTarPerm extractEntry demo/Info.plist
102 silly gunzTarPerm extractEntry demo/Makefile
103 silly gunzTarPerm extractEntry demo/ResourceRules.plist
104 silly gunzTarPerm extractEntry demo/demo.c
105 silly gunzTarPerm extractEntry ios-deploy.xcodeproj/project.pbxproj
106 silly gunzTarPerm extractEntry ios-deploy.xcodeproj/project.xcworkspace/xcuserdata/shaz.xcuserdatad/UserInterfaceState.xcuserstate
107 silly gunzTarPerm extractEntry ios-deploy.xcodeproj/xcshareddata/xcschemes/ios-deploy-tests.xcscheme
108 silly gunzTarPerm extractEntry ios-deploy.xcodeproj/xcuserdata/shaz.xcuserdatad/xcschemes/ios-deploy-lib.xcscheme
109 silly gunzTarPerm extractEntry ios-deploy.xcodeproj/xcuserdata/shaz.xcuserdatad/xcschemes/ios-deploy.xcscheme
110 silly gunzTarPerm extractEntry ios-deploy.xcodeproj/xcuserdata/shaz.xcuserdatad/xcschemes/xcschememanagement.plist
111 silly gunzTarPerm extractEntry src/ios-deploy/MobileDevice.h
112 silly gunzTarPerm extractEntry src/ios-deploy/errors.h
113 silly gunzTarPerm extractEntry src/ios-deploy/ios-deploy.m
114 silly gunzTarPerm extractEntry src/ios-deploy/version.h
115 silly gunzTarPerm extractEntry src/ios-deploy-lib/libios_deploy.h
116 silly gunzTarPerm extractEntry src/ios-deploy-lib/libios_deploy.m
117 silly gunzTarPerm extractEntry src/ios-deploy-tests/Info.plist
118 silly gunzTarPerm extractEntry src/ios-deploy-tests/ios_deploy_tests.m
119 silly gunzTarPerm extractEntry src/scripts/check_reqs.js
120 silly gunzTarPerm extractEntry src/scripts/lldb.py
121 silly gentlyRm /usr/local/lib/node_modules/.staging/ios-deploy-298c9491/node_modules is being purged
122 verbose gentlyRm don't care about contents; nuking /usr/local/lib/node_modules/.staging/ios-deploy-298c9491/node_modules
123 silly doParallel preinstall 1
124 silly preinstall ios-deploy@1.8.6 /usr/local/lib/node_modules/.staging/ios-deploy-298c9491
125 info lifecycle ios-deploy@1.8.6~preinstall: ios-deploy@1.8.6
126 verbose lifecycle ios-deploy@1.8.6~preinstall: unsafe-perm in lifecycle true
127 verbose lifecycle ios-deploy@1.8.6~preinstall: PATH: /usr/local/lib/node_modules/npm/bin/node-gyp-bin:/usr/local/lib/node_modules/.staging/ios-deploy-298c9491/node_modules/.bin:/usr/local/lib/node_modules/.bin:/usr/local/Cellar/node/5.9.0/bin:/Users/mdblr/.rvm/gems/ruby-2.2.4/bin:/Users/mdblr/.rvm/gems/ruby-2.2.4@global/bin:/Users/mdblr/.rvm/rubies/ruby-2.2.4/bin:/usr/local/bin:/usr/bin:/bin:/usr/sbin:/sbin:/Users/mdblr/.rvm/bin
128 verbose lifecycle ios-deploy@1.8.6~preinstall: CWD: /usr/local/lib/node_modules/.staging/ios-deploy-298c9491
129 silly lifecycle ios-deploy@1.8.6~preinstall: Args: [ '-c', './src/scripts/check_reqs.js && xcodebuild' ]
130 silly lifecycle ios-deploy@1.8.6~preinstall: Returned: code: 1  signal: null
131 info lifecycle ios-deploy@1.8.6~preinstall: Failed to exec preinstall script
132 verbose unlock done using /Users/mdblr/.npm/_locks/staging-3a08f0df5026584d.lock for /usr/local/lib/node_modules/.staging
133 silly rollbackFailedOptional Starting
134 silly rollbackFailedOptional Finishing
135 silly runTopLevelLifecycles Starting
136 silly runTopLevelLifecycles Finishing
137 silly install printInstalled
138 verbose stack Error: ios-deploy@1.8.6 preinstall: `./src/scripts/check_reqs.js && xcodebuild`
138 verbose stack Exit status 1
138 verbose stack     at EventEmitter.<anonymous> (/usr/local/lib/node_modules/npm/lib/utils/lifecycle.js:245:16)
138 verbose stack     at emitTwo (events.js:100:13)
138 verbose stack     at EventEmitter.emit (events.js:185:7)
138 verbose stack     at ChildProcess.<anonymous> (/usr/local/lib/node_modules/npm/lib/utils/spawn.js:24:14)
138 verbose stack     at emitTwo (events.js:100:13)
138 verbose stack     at ChildProcess.emit (events.js:185:7)
138 verbose stack     at maybeClose (internal/child_process.js:850:16)
138 verbose stack     at Process.ChildProcess._handle.onexit (internal/child_process.js:215:5)
139 verbose pkgid ios-deploy@1.8.6
140 verbose cwd /Users/mdblr/Projects/2016/gschool_q4/ionic_crud/fork/frontend/public
141 error Darwin 15.5.0
142 error argv "/usr/local/Cellar/node/5.9.0/bin/node" "/usr/local/bin/npm" "install" "-g" "ios-deploy"
143 error node v5.9.0
144 error npm  v3.8.9
145 error code ELIFECYCLE
146 error ios-deploy@1.8.6 preinstall: `./src/scripts/check_reqs.js && xcodebuild`
146 error Exit status 1
147 error Failed at the ios-deploy@1.8.6 preinstall script './src/scripts/check_reqs.js && xcodebuild'.
147 error Make sure you have the latest version of node.js and npm installed.
147 error If you do, this is most likely a problem with the ios-deploy package,
147 error not with npm itself.
147 error Tell the author that this fails on your system:
147 error     ./src/scripts/check_reqs.js && xcodebuild
147 error You can get information on how to open an issue for this project with:
147 error     npm bugs ios-deploy
147 error Or if that isn't available, you can get their info via:
147 error     npm owner ls ios-deploy
147 error There is likely additional logging output above.
148 verbose exit [ 1, true ]
